<?xml version="1.0" encoding="UTF-8"?>
<!-- Generated by org.testng.reporters.JUnitReportReporter -->
<testsuite hostname="Youseef_Dieaa" failures="0" tests="1" name="LetCode.LetCodeTest" time="0.562" errors="0" timestamp="2025-06-21T18:09:42 EEST" skipped="0">
  <testcase classname="LetCode.LetCodeTest" name="testLetCodeEditPage" time="0.562"/>
</testsuite> <!-- LetCode.LetCodeTest -->
