<?xml version="1.0" encoding="UTF-8"?>
<!-- Generated by org.testng.reporters.JUnitReportReporter -->
<testsuite hostname="Youseef_Dieaa" failures="0" tests="1" name="LetCode.LetCodeDropDownsTest" time="0.252" errors="0" timestamp="2025-06-21T18:09:42 EEST" skipped="0">
  <testcase classname="LetCode.LetCodeDropDownsTest" name="testLetCodeDropDowns" time="0.252"/>
</testsuite> <!-- LetCode.LetCodeDropDownsTest -->
