<?xml version="1.0" encoding="UTF-8"?>
<!-- Generated by org.testng.reporters.JUnitReportReporter -->
<testsuite hostname="Youseef_Dieaa" failures="0" tests="4" name="LetCode.LetCodeAlertTest" time="0.377" errors="0" timestamp="2025-06-21T18:09:42 EEST" skipped="0">
  <testcase classname="LetCode.LetCodeAlertTest" name="TestConfirmAlert" time="0.076"/>
  <testcase classname="LetCode.LetCodeAlertTest" name="TestPromptAlert" time="0.118"/>
  <testcase classname="LetCode.LetCodeAlertTest" name="TestModernAlert" time="0.183"/>
  <testcase classname="LetCode.LetCodeAlertTest" name="assertAll" time="0.000"/>
</testsuite> <!-- LetCode.LetCodeAlertTest -->
